<?xml version="1.0" encoding="windows-1252" standalone="no"?>
<!DOCTYPE log SYSTEM "logger.dtd">
<log>
<record>
  <date>2021-04-10T16:13:17</date>
  <millis>1618035197322</millis>
  <sequence>0</sequence>
  <logger>Application Process Log</logger>
  <level>INFO</level>
  <class>process.ProcessApplication</class>
  <method>calculateServiceability</method>
  <thread>1</thread>
  <message>JSON Data: {
  "income": [
    {
      "value": "12.12",
      "frequency": "day"
    },
    {
      "value": "107.23",
      "frequency": "week"
    },
    {
      "value": "2869.34",
      "frequency": "month"
    },
    {
      "value": "34125.45",
      "frequency": "year"
    }
  ],
  "expenses": [
    "120.23",
    "227.34",
    "965.45"
  ]
}</message>
</record>
</log>
